<?xml version="1.0" encoding="UTF-8"?>
<testsuite xmlns:xsi="http://www.w3.org/2001/XMLSchema-instance" xsi:noNamespaceSchemaLocation="https://maven.apache.org/surefire/maven-surefire-plugin/xsd/surefire-test-report-3.0.xsd" version="3.0" name="com.cmani.msscbreweryclient.web.client.BreweryClientTest" time="11.512" tests="8" errors="8" skipped="0" failures="0">
  <properties>
    <property name="gopherProxySet" value="false"/>
    <property name="awt.toolkit" value="sun.lwawt.macosx.LWCToolkit"/>
    <property name="java.specification.version" value="11"/>
    <property name="sun.cpu.isalist" value=""/>
    <property name="sun.jnu.encoding" value="UTF-8"/>
    <property name="java.class.path" value="/Users/chintamaniprasad/study/workspace/MyRepo/Spring-Microservices/mssc-brewery-client/target/test-classes:/Users/chintamaniprasad/study/workspace/MyRepo/Spring-Microservices/mssc-brewery-client/target/classes:/Users/chintamaniprasad/.m2/repository/org/springframework/boot/spring-boot-starter/2.3.4.RELEASE/spring-boot-starter-2.3.4.RELEASE.jar:/Users/chintamaniprasad/.m2/repository/org/springframework/boot/spring-boot/2.3.4.RELEASE/spring-boot-2.3.4.RELEASE.jar:/Users/chintamaniprasad/.m2/repository/org/springframework/spring-context/5.2.9.RELEASE/spring-context-5.2.9.RELEASE.jar:/Users/chintamaniprasad/.m2/repository/org/springframework/spring-aop/5.2.9.RELEASE/spring-aop-5.2.9.RELEASE.jar:/Users/chintamaniprasad/.m2/repository/org/springframework/spring-expression/5.2.9.RELEASE/spring-expression-5.2.9.RELEASE.jar:/Users/chintamaniprasad/.m2/repository/org/springframework/boot/spring-boot-autoconfigure/2.3.4.RELEASE/spring-boot-autoconfigure-2.3.4.RELEASE.jar:/Users/chintamaniprasad/.m2/repository/org/springframework/boot/spring-boot-starter-logging/2.3.4.RELEASE/spring-boot-starter-logging-2.3.4.RELEASE.jar:/Users/chintamaniprasad/.m2/repository/ch/qos/logback/logback-classic/1.2.3/logback-classic-1.2.3.jar:/Users/chintamaniprasad/.m2/repository/ch/qos/logback/logback-core/1.2.3/logback-core-1.2.3.jar:/Users/chintamaniprasad/.m2/repository/org/apache/logging/log4j/log4j-to-slf4j/2.13.3/log4j-to-slf4j-2.13.3.jar:/Users/chintamaniprasad/.m2/repository/org/apache/logging/log4j/log4j-api/2.13.3/log4j-api-2.13.3.jar:/Users/chintamaniprasad/.m2/repository/org/slf4j/jul-to-slf4j/1.7.30/jul-to-slf4j-1.7.30.jar:/Users/chintamaniprasad/.m2/repository/jakarta/annotation/jakarta.annotation-api/1.3.5/jakarta.annotation-api-1.3.5.jar:/Users/chintamaniprasad/.m2/repository/org/springframework/spring-core/5.2.9.RELEASE/spring-core-5.2.9.RELEASE.jar:/Users/chintamaniprasad/.m2/repository/org/springframework/spring-jcl/5.2.9.RELEASE/spring-jcl-5.2.9.RELEASE.jar:/Users/chintamaniprasad/.m2/repository/org/yaml/snakeyaml/1.26/snakeyaml-1.26.jar:/Users/chintamaniprasad/.m2/repository/org/springframework/spring-web/5.2.9.RELEASE/spring-web-5.2.9.RELEASE.jar:/Users/chintamaniprasad/.m2/repository/org/springframework/spring-beans/5.2.9.RELEASE/spring-beans-5.2.9.RELEASE.jar:/Users/chintamaniprasad/.m2/repository/org/springframework/boot/spring-boot-devtools/2.3.4.RELEASE/spring-boot-devtools-2.3.4.RELEASE.jar:/Users/chintamaniprasad/.m2/repository/org/apache/httpcomponents/httpasyncclient/4.1.4/httpasyncclient-4.1.4.jar:/Users/chintamaniprasad/.m2/repository/org/apache/httpcomponents/httpcore/4.4.13/httpcore-4.4.13.jar:/Users/chintamaniprasad/.m2/repository/org/apache/httpcomponents/httpcore-nio/4.4.13/httpcore-nio-4.4.13.jar:/Users/chintamaniprasad/.m2/repository/org/projectlombok/lombok/1.18.12/lombok-1.18.12.jar:/Users/chintamaniprasad/.m2/repository/com/fasterxml/jackson/core/jackson-core/2.11.3/jackson-core-2.11.3.jar:/Users/chintamaniprasad/.m2/repository/com/fasterxml/jackson/core/jackson-databind/2.11.3/jackson-databind-2.11.3.jar:/Users/chintamaniprasad/.m2/repository/com/fasterxml/jackson/core/jackson-annotations/2.11.2/jackson-annotations-2.11.2.jar:/Users/chintamaniprasad/.m2/repository/org/apache/httpcomponents/httpclient/4.5.13/httpclient-4.5.13.jar:/Users/chintamaniprasad/.m2/repository/commons-codec/commons-codec/1.14/commons-codec-1.14.jar:/Users/chintamaniprasad/.m2/repository/org/springframework/boot/spring-boot-starter-test/2.3.4.RELEASE/spring-boot-starter-test-2.3.4.RELEASE.jar:/Users/chintamaniprasad/.m2/repository/org/springframework/boot/spring-boot-test/2.3.4.RELEASE/spring-boot-test-2.3.4.RELEASE.jar:/Users/chintamaniprasad/.m2/repository/org/springframework/boot/spring-boot-test-autoconfigure/2.3.4.RELEASE/spring-boot-test-autoconfigure-2.3.4.RELEASE.jar:/Users/chintamaniprasad/.m2/repository/com/jayway/jsonpath/json-path/2.4.0/json-path-2.4.0.jar:/Users/chintamaniprasad/.m2/repository/net/minidev/json-smart/2.3/json-smart-2.3.jar:/Users/chintamaniprasad/.m2/repository/net/minidev/accessors-smart/1.2/accessors-smart-1.2.jar:/Users/chintamaniprasad/.m2/repository/org/ow2/asm/asm/5.0.4/asm-5.0.4.jar:/Users/chintamaniprasad/.m2/repository/org/slf4j/slf4j-api/1.7.30/slf4j-api-1.7.30.jar:/Users/chintamaniprasad/.m2/repository/jakarta/xml/bind/jakarta.xml.bind-api/2.3.3/jakarta.xml.bind-api-2.3.3.jar:/Users/chintamaniprasad/.m2/repository/jakarta/activation/jakarta.activation-api/1.2.2/jakarta.activation-api-1.2.2.jar:/Users/chintamaniprasad/.m2/repository/org/assertj/assertj-core/3.16.1/assertj-core-3.16.1.jar:/Users/chintamaniprasad/.m2/repository/org/hamcrest/hamcrest/2.2/hamcrest-2.2.jar:/Users/chintamaniprasad/.m2/repository/org/junit/jupiter/junit-jupiter/5.6.2/junit-jupiter-5.6.2.jar:/Users/chintamaniprasad/.m2/repository/org/junit/jupiter/junit-jupiter-params/5.6.2/junit-jupiter-params-5.6.2.jar:/Users/chintamaniprasad/.m2/repository/org/mockito/mockito-core/3.3.3/mockito-core-3.3.3.jar:/Users/chintamaniprasad/.m2/repository/net/bytebuddy/byte-buddy/1.10.14/byte-buddy-1.10.14.jar:/Users/chintamaniprasad/.m2/repository/net/bytebuddy/byte-buddy-agent/1.10.14/byte-buddy-agent-1.10.14.jar:/Users/chintamaniprasad/.m2/repository/org/objenesis/objenesis/2.6/objenesis-2.6.jar:/Users/chintamaniprasad/.m2/repository/org/skyscreamer/jsonassert/1.5.0/jsonassert-1.5.0.jar:/Users/chintamaniprasad/.m2/repository/com/vaadin/external/google/android-json/0.0.20131108.vaadin1/android-json-0.0.20131108.vaadin1.jar:/Users/chintamaniprasad/.m2/repository/org/springframework/spring-test/5.2.9.RELEASE/spring-test-5.2.9.RELEASE.jar:/Users/chintamaniprasad/.m2/repository/org/xmlunit/xmlunit-core/2.7.0/xmlunit-core-2.7.0.jar:/Users/chintamaniprasad/.m2/repository/org/junit/jupiter/junit-jupiter-api/5.7.0/junit-jupiter-api-5.7.0.jar:/Users/chintamaniprasad/.m2/repository/org/apiguardian/apiguardian-api/1.1.0/apiguardian-api-1.1.0.jar:/Users/chintamaniprasad/.m2/repository/org/opentest4j/opentest4j/1.2.0/opentest4j-1.2.0.jar:/Users/chintamaniprasad/.m2/repository/org/junit/jupiter/junit-jupiter-engine/5.7.0/junit-jupiter-engine-5.7.0.jar:/Users/chintamaniprasad/.m2/repository/org/junit/platform/junit-platform-engine/1.6.2/junit-platform-engine-1.6.2.jar:/Users/chintamaniprasad/.m2/repository/org/junit/platform/junit-platform-commons/1.7.0/junit-platform-commons-1.7.0.jar:/Users/chintamaniprasad/.m2/repository/org/mockito/mockito-junit-jupiter/3.5.13/mockito-junit-jupiter-3.5.13.jar:"/>
    <property name="java.vm.vendor" value="Oracle Corporation"/>
    <property name="sun.arch.data.model" value="64"/>
    <property name="java.vendor.url" value="https://openjdk.java.net/"/>
    <property name="user.timezone" value="Asia/Tokyo"/>
    <property name="java.vm.specification.version" value="11"/>
    <property name="os.name" value="Mac OS X"/>
    <property name="sun.java.launcher" value="SUN_STANDARD"/>
    <property name="user.country" value="JP"/>
    <property name="sun.boot.library.path" value="/Library/Java/JavaVirtualMachines/jdk-11.0.8.jdk/Contents/Home/lib"/>
    <property name="sun.java.command" value="/Users/chintamaniprasad/study/workspace/MyRepo/Spring-Microservices/mssc-brewery-client/target/surefire/surefirebooter5726227851972232138.jar /Users/chintamaniprasad/study/workspace/MyRepo/Spring-Microservices/mssc-brewery-client/target/surefire 2021-07-10T11-40-51_276-jvmRun1 surefire7280203504963303668tmp surefire_01822477626916729895tmp"/>
    <property name="http.nonProxyHosts" value="local|*.local|169.254/16|*.169.254/16"/>
    <property name="jdk.debug" value="release"/>
    <property name="surefire.test.class.path" value="/Users/chintamaniprasad/study/workspace/MyRepo/Spring-Microservices/mssc-brewery-client/target/test-classes:/Users/chintamaniprasad/study/workspace/MyRepo/Spring-Microservices/mssc-brewery-client/target/classes:/Users/chintamaniprasad/.m2/repository/org/springframework/boot/spring-boot-starter/2.3.4.RELEASE/spring-boot-starter-2.3.4.RELEASE.jar:/Users/chintamaniprasad/.m2/repository/org/springframework/boot/spring-boot/2.3.4.RELEASE/spring-boot-2.3.4.RELEASE.jar:/Users/chintamaniprasad/.m2/repository/org/springframework/spring-context/5.2.9.RELEASE/spring-context-5.2.9.RELEASE.jar:/Users/chintamaniprasad/.m2/repository/org/springframework/spring-aop/5.2.9.RELEASE/spring-aop-5.2.9.RELEASE.jar:/Users/chintamaniprasad/.m2/repository/org/springframework/spring-expression/5.2.9.RELEASE/spring-expression-5.2.9.RELEASE.jar:/Users/chintamaniprasad/.m2/repository/org/springframework/boot/spring-boot-autoconfigure/2.3.4.RELEASE/spring-boot-autoconfigure-2.3.4.RELEASE.jar:/Users/chintamaniprasad/.m2/repository/org/springframework/boot/spring-boot-starter-logging/2.3.4.RELEASE/spring-boot-starter-logging-2.3.4.RELEASE.jar:/Users/chintamaniprasad/.m2/repository/ch/qos/logback/logback-classic/1.2.3/logback-classic-1.2.3.jar:/Users/chintamaniprasad/.m2/repository/ch/qos/logback/logback-core/1.2.3/logback-core-1.2.3.jar:/Users/chintamaniprasad/.m2/repository/org/apache/logging/log4j/log4j-to-slf4j/2.13.3/log4j-to-slf4j-2.13.3.jar:/Users/chintamaniprasad/.m2/repository/org/apache/logging/log4j/log4j-api/2.13.3/log4j-api-2.13.3.jar:/Users/chintamaniprasad/.m2/repository/org/slf4j/jul-to-slf4j/1.7.30/jul-to-slf4j-1.7.30.jar:/Users/chintamaniprasad/.m2/repository/jakarta/annotation/jakarta.annotation-api/1.3.5/jakarta.annotation-api-1.3.5.jar:/Users/chintamaniprasad/.m2/repository/org/springframework/spring-core/5.2.9.RELEASE/spring-core-5.2.9.RELEASE.jar:/Users/chintamaniprasad/.m2/repository/org/springframework/spring-jcl/5.2.9.RELEASE/spring-jcl-5.2.9.RELEASE.jar:/Users/chintamaniprasad/.m2/repository/org/yaml/snakeyaml/1.26/snakeyaml-1.26.jar:/Users/chintamaniprasad/.m2/repository/org/springframework/spring-web/5.2.9.RELEASE/spring-web-5.2.9.RELEASE.jar:/Users/chintamaniprasad/.m2/repository/org/springframework/spring-beans/5.2.9.RELEASE/spring-beans-5.2.9.RELEASE.jar:/Users/chintamaniprasad/.m2/repository/org/springframework/boot/spring-boot-devtools/2.3.4.RELEASE/spring-boot-devtools-2.3.4.RELEASE.jar:/Users/chintamaniprasad/.m2/repository/org/apache/httpcomponents/httpasyncclient/4.1.4/httpasyncclient-4.1.4.jar:/Users/chintamaniprasad/.m2/repository/org/apache/httpcomponents/httpcore/4.4.13/httpcore-4.4.13.jar:/Users/chintamaniprasad/.m2/repository/org/apache/httpcomponents/httpcore-nio/4.4.13/httpcore-nio-4.4.13.jar:/Users/chintamaniprasad/.m2/repository/org/projectlombok/lombok/1.18.12/lombok-1.18.12.jar:/Users/chintamaniprasad/.m2/repository/com/fasterxml/jackson/core/jackson-core/2.11.3/jackson-core-2.11.3.jar:/Users/chintamaniprasad/.m2/repository/com/fasterxml/jackson/core/jackson-databind/2.11.3/jackson-databind-2.11.3.jar:/Users/chintamaniprasad/.m2/repository/com/fasterxml/jackson/core/jackson-annotations/2.11.2/jackson-annotations-2.11.2.jar:/Users/chintamaniprasad/.m2/repository/org/apache/httpcomponents/httpclient/4.5.13/httpclient-4.5.13.jar:/Users/chintamaniprasad/.m2/repository/commons-codec/commons-codec/1.14/commons-codec-1.14.jar:/Users/chintamaniprasad/.m2/repository/org/springframework/boot/spring-boot-starter-test/2.3.4.RELEASE/spring-boot-starter-test-2.3.4.RELEASE.jar:/Users/chintamaniprasad/.m2/repository/org/springframework/boot/spring-boot-test/2.3.4.RELEASE/spring-boot-test-2.3.4.RELEASE.jar:/Users/chintamaniprasad/.m2/repository/org/springframework/boot/spring-boot-test-autoconfigure/2.3.4.RELEASE/spring-boot-test-autoconfigure-2.3.4.RELEASE.jar:/Users/chintamaniprasad/.m2/repository/com/jayway/jsonpath/json-path/2.4.0/json-path-2.4.0.jar:/Users/chintamaniprasad/.m2/repository/net/minidev/json-smart/2.3/json-smart-2.3.jar:/Users/chintamaniprasad/.m2/repository/net/minidev/accessors-smart/1.2/accessors-smart-1.2.jar:/Users/chintamaniprasad/.m2/repository/org/ow2/asm/asm/5.0.4/asm-5.0.4.jar:/Users/chintamaniprasad/.m2/repository/org/slf4j/slf4j-api/1.7.30/slf4j-api-1.7.30.jar:/Users/chintamaniprasad/.m2/repository/jakarta/xml/bind/jakarta.xml.bind-api/2.3.3/jakarta.xml.bind-api-2.3.3.jar:/Users/chintamaniprasad/.m2/repository/jakarta/activation/jakarta.activation-api/1.2.2/jakarta.activation-api-1.2.2.jar:/Users/chintamaniprasad/.m2/repository/org/assertj/assertj-core/3.16.1/assertj-core-3.16.1.jar:/Users/chintamaniprasad/.m2/repository/org/hamcrest/hamcrest/2.2/hamcrest-2.2.jar:/Users/chintamaniprasad/.m2/repository/org/junit/jupiter/junit-jupiter/5.6.2/junit-jupiter-5.6.2.jar:/Users/chintamaniprasad/.m2/repository/org/junit/jupiter/junit-jupiter-params/5.6.2/junit-jupiter-params-5.6.2.jar:/Users/chintamaniprasad/.m2/repository/org/mockito/mockito-core/3.3.3/mockito-core-3.3.3.jar:/Users/chintamaniprasad/.m2/repository/net/bytebuddy/byte-buddy/1.10.14/byte-buddy-1.10.14.jar:/Users/chintamaniprasad/.m2/repository/net/bytebuddy/byte-buddy-agent/1.10.14/byte-buddy-agent-1.10.14.jar:/Users/chintamaniprasad/.m2/repository/org/objenesis/objenesis/2.6/objenesis-2.6.jar:/Users/chintamaniprasad/.m2/repository/org/skyscreamer/jsonassert/1.5.0/jsonassert-1.5.0.jar:/Users/chintamaniprasad/.m2/repository/com/vaadin/external/google/android-json/0.0.20131108.vaadin1/android-json-0.0.20131108.vaadin1.jar:/Users/chintamaniprasad/.m2/repository/org/springframework/spring-test/5.2.9.RELEASE/spring-test-5.2.9.RELEASE.jar:/Users/chintamaniprasad/.m2/repository/org/xmlunit/xmlunit-core/2.7.0/xmlunit-core-2.7.0.jar:/Users/chintamaniprasad/.m2/repository/org/junit/jupiter/junit-jupiter-api/5.7.0/junit-jupiter-api-5.7.0.jar:/Users/chintamaniprasad/.m2/repository/org/apiguardian/apiguardian-api/1.1.0/apiguardian-api-1.1.0.jar:/Users/chintamaniprasad/.m2/repository/org/opentest4j/opentest4j/1.2.0/opentest4j-1.2.0.jar:/Users/chintamaniprasad/.m2/repository/org/junit/jupiter/junit-jupiter-engine/5.7.0/junit-jupiter-engine-5.7.0.jar:/Users/chintamaniprasad/.m2/repository/org/junit/platform/junit-platform-engine/1.6.2/junit-platform-engine-1.6.2.jar:/Users/chintamaniprasad/.m2/repository/org/junit/platform/junit-platform-commons/1.7.0/junit-platform-commons-1.7.0.jar:/Users/chintamaniprasad/.m2/repository/org/mockito/mockito-junit-jupiter/3.5.13/mockito-junit-jupiter-3.5.13.jar:"/>
    <property name="sun.cpu.endian" value="little"/>
    <property name="user.home" value="/Users/chintamaniprasad"/>
    <property name="user.language" value="en"/>
    <property name="java.specification.vendor" value="Oracle Corporation"/>
    <property name="java.version.date" value="2020-07-14"/>
    <property name="java.home" value="/Library/Java/JavaVirtualMachines/jdk-11.0.8.jdk/Contents/Home"/>
    <property name="file.separator" value="/"/>
    <property name="basedir" value="/Users/chintamaniprasad/study/workspace/MyRepo/Spring-Microservices/mssc-brewery-client"/>
    <property name="java.vm.compressedOopsMode" value="Zero based"/>
    <property name="line.separator" value="&#10;"/>
    <property name="java.specification.name" value="Java Platform API Specification"/>
    <property name="java.vm.specification.vendor" value="Oracle Corporation"/>
    <property name="java.awt.graphicsenv" value="sun.awt.CGraphicsEnvironment"/>
    <property name="java.awt.headless" value="true"/>
    <property name="surefire.real.class.path" value="/Users/chintamaniprasad/study/workspace/MyRepo/Spring-Microservices/mssc-brewery-client/target/surefire/surefirebooter5726227851972232138.jar"/>
    <property name="sun.management.compiler" value="HotSpot 64-Bit Tiered Compilers"/>
    <property name="ftp.nonProxyHosts" value="local|*.local|169.254/16|*.169.254/16"/>
    <property name="java.runtime.version" value="11.0.8+10-LTS"/>
    <property name="user.name" value="chintamaniprasad"/>
    <property name="path.separator" value=":"/>
    <property name="os.version" value="10.16"/>
    <property name="java.runtime.name" value="Java(TM) SE Runtime Environment"/>
    <property name="file.encoding" value="UTF-8"/>
    <property name="spring.beaninfo.ignore" value="true"/>
    <property name="java.vm.name" value="Java HotSpot(TM) 64-Bit Server VM"/>
    <property name="java.vendor.version" value="18.9"/>
    <property name="localRepository" value="/Users/chintamaniprasad/.m2/repository"/>
    <property name="java.vendor.url.bug" value="https://bugreport.java.com/bugreport/"/>
    <property name="java.io.tmpdir" value="/var/folders/hw/_m88b1015nz7q37y9sz0dj540000gn/T/"/>
    <property name="idea.version" value="2021.1.3"/>
    <property name="java.version" value="11.0.8"/>
    <property name="user.dir" value="/Users/chintamaniprasad/study/workspace/MyRepo/Spring-Microservices/mssc-brewery-client"/>
    <property name="os.arch" value="x86_64"/>
    <property name="java.vm.specification.name" value="Java Virtual Machine Specification"/>
    <property name="PID" value="8219"/>
    <property name="java.awt.printerjob" value="sun.lwawt.macosx.CPrinterJob"/>
    <property name="sun.os.patch.level" value="unknown"/>
    <property name="java.library.path" value="/Users/chintamaniprasad/Library/Java/Extensions:/Library/Java/Extensions:/Network/Library/Java/Extensions:/System/Library/Java/Extensions:/usr/lib/java:."/>
    <property name="java.vendor" value="Oracle Corporation"/>
    <property name="java.vm.info" value="mixed mode"/>
    <property name="java.vm.version" value="11.0.8+10-LTS"/>
    <property name="sun.io.unicode.encoding" value="UnicodeBig"/>
    <property name="java.class.version" value="55.0"/>
    <property name="socksNonProxyHosts" value="local|*.local|169.254/16|*.169.254/16"/>
  </properties>
  <testcase name="shouldSaveNewCustomer_Success" classname="com.cmani.msscbreweryclient.web.client.BreweryClientTest" time="2.588">
    <error type="org.springframework.web.client.ResourceAccessException"><![CDATA[org.springframework.web.client.ResourceAccessException: I/O error on POST request for "http://localhost:9191/api/v1/customer/": Connect to localhost:9191 [localhost/127.0.0.1, localhost/0:0:0:0:0:0:0:1] failed: Connection refused (Connection refused); nested exception is org.apache.http.conn.HttpHostConnectException: Connect to localhost:9191 [localhost/127.0.0.1, localhost/0:0:0:0:0:0:0:1] failed: Connection refused (Connection refused)
	at com.cmani.msscbreweryclient.web.client.BreweryClientTest.shouldSaveNewCustomer_Success(BreweryClientTest.java:55)
Caused by: org.apache.http.conn.HttpHostConnectException: Connect to localhost:9191 [localhost/127.0.0.1, localhost/0:0:0:0:0:0:0:1] failed: Connection refused (Connection refused)
	at com.cmani.msscbreweryclient.web.client.BreweryClientTest.shouldSaveNewCustomer_Success(BreweryClientTest.java:55)
Caused by: java.net.ConnectException: Connection refused (Connection refused)
	at com.cmani.msscbreweryclient.web.client.BreweryClientTest.shouldSaveNewCustomer_Success(BreweryClientTest.java:55)
]]></error>
    <system-out><![CDATA[11:40:56.070 [main] DEBUG org.springframework.test.context.BootstrapUtils - Instantiating CacheAwareContextLoaderDelegate from class [org.springframework.test.context.cache.DefaultCacheAwareContextLoaderDelegate]
11:40:56.087 [main] DEBUG org.springframework.test.context.BootstrapUtils - Instantiating BootstrapContext using constructor [public org.springframework.test.context.support.DefaultBootstrapContext(java.lang.Class,org.springframework.test.context.CacheAwareContextLoaderDelegate)]
11:40:56.345 [main] DEBUG org.springframework.test.context.BootstrapUtils - Instantiating TestContextBootstrapper for test class [com.cmani.msscbreweryclient.web.client.BreweryClientTest] from class [org.springframework.boot.test.context.SpringBootTestContextBootstrapper]
11:40:56.400 [main] INFO org.springframework.boot.test.context.SpringBootTestContextBootstrapper - Neither @ContextConfiguration nor @ContextHierarchy found for test class [com.cmani.msscbreweryclient.web.client.BreweryClientTest], using SpringBootContextLoader
11:40:56.406 [main] DEBUG org.springframework.test.context.support.AbstractContextLoader - Did not detect default resource location for test class [com.cmani.msscbreweryclient.web.client.BreweryClientTest]: class path resource [com/cmani/msscbreweryclient/web/client/BreweryClientTest-context.xml] does not exist
11:40:56.407 [main] DEBUG org.springframework.test.context.support.AbstractContextLoader - Did not detect default resource location for test class [com.cmani.msscbreweryclient.web.client.BreweryClientTest]: class path resource [com/cmani/msscbreweryclient/web/client/BreweryClientTestContext.groovy] does not exist
11:40:56.407 [main] INFO org.springframework.test.context.support.AbstractContextLoader - Could not detect default resource locations for test class [com.cmani.msscbreweryclient.web.client.BreweryClientTest]: no resource found for suffixes {-context.xml, Context.groovy}.
11:40:56.408 [main] INFO org.springframework.test.context.support.AnnotationConfigContextLoaderUtils - Could not detect default configuration classes for test class [com.cmani.msscbreweryclient.web.client.BreweryClientTest]: BreweryClientTest does not declare any static, non-private, non-final, nested classes annotated with @Configuration.
11:40:56.579 [main] DEBUG org.springframework.test.context.support.ActiveProfilesUtils - Could not find an 'annotation declaring class' for annotation type [org.springframework.test.context.ActiveProfiles] and class [com.cmani.msscbreweryclient.web.client.BreweryClientTest]
11:40:56.893 [main] DEBUG org.springframework.context.annotation.ClassPathScanningCandidateComponentProvider - Identified candidate component class: file [/Users/chintamaniprasad/study/workspace/MyRepo/Spring-Microservices/mssc-brewery-client/target/classes/com/cmani/msscbreweryclient/MsscBreweryClientApplication.class]
11:40:56.895 [main] INFO org.springframework.boot.test.context.SpringBootTestContextBootstrapper - Found @SpringBootConfiguration com.cmani.msscbreweryclient.MsscBreweryClientApplication for test class com.cmani.msscbreweryclient.web.client.BreweryClientTest
11:40:57.435 [main] DEBUG org.springframework.boot.test.context.SpringBootTestContextBootstrapper - @TestExecutionListeners is not present for class [com.cmani.msscbreweryclient.web.client.BreweryClientTest]: using defaults.
11:40:57.435 [main] INFO org.springframework.boot.test.context.SpringBootTestContextBootstrapper - Loaded default TestExecutionListener class names from location [META-INF/spring.factories]: [org.springframework.boot.test.mock.mockito.MockitoTestExecutionListener, org.springframework.boot.test.mock.mockito.ResetMocksTestExecutionListener, org.springframework.boot.test.autoconfigure.restdocs.RestDocsTestExecutionListener, org.springframework.boot.test.autoconfigure.web.client.MockRestServiceServerResetTestExecutionListener, org.springframework.boot.test.autoconfigure.web.servlet.MockMvcPrintOnlyOnFailureTestExecutionListener, org.springframework.boot.test.autoconfigure.web.servlet.WebDriverTestExecutionListener, org.springframework.boot.test.autoconfigure.webservices.client.MockWebServiceServerTestExecutionListener, org.springframework.test.context.web.ServletTestExecutionListener, org.springframework.test.context.support.DirtiesContextBeforeModesTestExecutionListener, org.springframework.test.context.support.DependencyInjectionTestExecutionListener, org.springframework.test.context.support.DirtiesContextTestExecutionListener, org.springframework.test.context.transaction.TransactionalTestExecutionListener, org.springframework.test.context.jdbc.SqlScriptsTestExecutionListener, org.springframework.test.context.event.EventPublishingTestExecutionListener]
11:40:57.469 [main] DEBUG org.springframework.boot.test.context.SpringBootTestContextBootstrapper - Skipping candidate TestExecutionListener [org.springframework.test.context.web.ServletTestExecutionListener] due to a missing dependency. Specify custom listener classes or make the default listener classes and their required dependencies available. Offending class: [javax/servlet/ServletContext]
11:40:57.471 [main] DEBUG org.springframework.boot.test.context.SpringBootTestContextBootstrapper - Skipping candidate TestExecutionListener [org.springframework.test.context.transaction.TransactionalTestExecutionListener] due to a missing dependency. Specify custom listener classes or make the default listener classes and their required dependencies available. Offending class: [org/springframework/transaction/TransactionDefinition]
11:40:57.472 [main] DEBUG org.springframework.boot.test.context.SpringBootTestContextBootstrapper - Skipping candidate TestExecutionListener [org.springframework.test.context.jdbc.SqlScriptsTestExecutionListener] due to a missing dependency. Specify custom listener classes or make the default listener classes and their required dependencies available. Offending class: [org/springframework/transaction/interceptor/TransactionAttribute]
11:40:57.472 [main] INFO org.springframework.boot.test.context.SpringBootTestContextBootstrapper - Using TestExecutionListeners: [org.springframework.test.context.support.DirtiesContextBeforeModesTestExecutionListener@7e7b159b, org.springframework.boot.test.mock.mockito.MockitoTestExecutionListener@7e5d9a50, org.springframework.boot.test.autoconfigure.SpringBootDependencyInjectionTestExecutionListener@60957c0f, org.springframework.test.context.support.DirtiesContextTestExecutionListener@293a5f75, org.springframework.test.context.event.EventPublishingTestExecutionListener@fcb4004, org.springframework.boot.test.mock.mockito.ResetMocksTestExecutionListener@1dd6d4b7, org.springframework.boot.test.autoconfigure.restdocs.RestDocsTestExecutionListener@56e8b606, org.springframework.boot.test.autoconfigure.web.client.MockRestServiceServerResetTestExecutionListener@2dd29a59, org.springframework.boot.test.autoconfigure.web.servlet.MockMvcPrintOnlyOnFailureTestExecutionListener@784c3487, org.springframework.boot.test.autoconfigure.web.servlet.WebDriverTestExecutionListener@53142455, org.springframework.boot.test.autoconfigure.webservices.client.MockWebServiceServerTestExecutionListener@40dff0b7]
11:40:57.491 [main] DEBUG org.springframework.test.context.support.AbstractDirtiesContextTestExecutionListener - Before test class: context [DefaultTestContext@4566d049 testClass = BreweryClientTest, testInstance = [null], testMethod = [null], testException = [null], mergedContextConfiguration = [MergedContextConfiguration@61ce23ac testClass = BreweryClientTest, locations = '{}', classes = '{class com.cmani.msscbreweryclient.MsscBreweryClientApplication}', contextInitializerClasses = '[]', activeProfiles = '{}', propertySourceLocations = '{}', propertySourceProperties = '{org.springframework.boot.test.context.SpringBootTestContextBootstrapper=true}', contextCustomizers = set[org.springframework.boot.test.context.filter.ExcludeFilterContextCustomizer@2ca923bb, org.springframework.boot.test.json.DuplicateJsonObjectContextCustomizerFactory$DuplicateJsonObjectContextCustomizer@72d6b3ba, org.springframework.boot.test.mock.mockito.MockitoContextCustomizer@0, org.springframework.boot.test.web.client.TestRestTemplateContextCustomizer@471a9022, org.springframework.boot.test.autoconfigure.properties.PropertyMappingContextCustomizer@0, org.springframework.boot.test.autoconfigure.web.servlet.WebDriverContextCustomizerFactory$Customizer@7bf3a5d8, org.springframework.boot.test.context.SpringBootTestArgs@1], contextLoader = 'org.springframework.boot.test.context.SpringBootContextLoader', parent = [null]], attributes = map[[empty]]], class annotated with @DirtiesContext [false] with mode [null].
11:40:57.545 [main] DEBUG org.springframework.test.context.support.DependencyInjectionTestExecutionListener - Performing dependency injection for test context [[DefaultTestContext@4566d049 testClass = BreweryClientTest, testInstance = com.cmani.msscbreweryclient.web.client.BreweryClientTest@18b0930f, testMethod = [null], testException = [null], mergedContextConfiguration = [MergedContextConfiguration@61ce23ac testClass = BreweryClientTest, locations = '{}', classes = '{class com.cmani.msscbreweryclient.MsscBreweryClientApplication}', contextInitializerClasses = '[]', activeProfiles = '{}', propertySourceLocations = '{}', propertySourceProperties = '{org.springframework.boot.test.context.SpringBootTestContextBootstrapper=true}', contextCustomizers = set[org.springframework.boot.test.context.filter.ExcludeFilterContextCustomizer@2ca923bb, org.springframework.boot.test.json.DuplicateJsonObjectContextCustomizerFactory$DuplicateJsonObjectContextCustomizer@72d6b3ba, org.springframework.boot.test.mock.mockito.MockitoContextCustomizer@0, org.springframework.boot.test.web.client.TestRestTemplateContextCustomizer@471a9022, org.springframework.boot.test.autoconfigure.properties.PropertyMappingContextCustomizer@0, org.springframework.boot.test.autoconfigure.web.servlet.WebDriverContextCustomizerFactory$Customizer@7bf3a5d8, org.springframework.boot.test.context.SpringBootTestArgs@1], contextLoader = 'org.springframework.boot.test.context.SpringBootContextLoader', parent = [null]], attributes = map[[empty]]]].
11:40:57.666 [main] DEBUG org.springframework.test.context.support.TestPropertySourceUtils - Adding inlined properties to environment: {spring.jmx.enabled=false, org.springframework.boot.test.context.SpringBootTestContextBootstrapper=true}

  .   ____          _            __ _ _
 /\\ / ___'_ __ _ _(_)_ __  __ _ \ \ \ \
( ( )\___ | '_ | '_| | '_ \/ _` | \ \ \ \
 \\/  ___)| |_)| | | | | || (_| |  ) ) ) )
  '  |____| .__|_| |_|_| |_\__, | / / / /
 =========|_|==============|___/=/_/_/_/
 :: Spring Boot ::        (v2.3.4.RELEASE)

2021-07-10 11:40:58.959  INFO 8219 --- [           main] c.c.m.web.client.BreweryClientTest       : Starting BreweryClientTest on Chintamanis-MacBook-Pro.local with PID 8219 (started by chintamaniprasad in /Users/chintamaniprasad/study/workspace/MyRepo/Spring-Microservices/mssc-brewery-client)
2021-07-10 11:40:58.962  INFO 8219 --- [           main] c.c.m.web.client.BreweryClientTest       : No active profile set, falling back to default profiles: default
2021-07-10 11:41:04.096  INFO 8219 --- [           main] c.c.m.web.client.BreweryClientTest       : Started BreweryClientTest in 6.426 seconds (JVM running for 11.415)
]]></system-out>
  </testcase>
  <testcase name="shouldSaveNewBeer_Success" classname="com.cmani.msscbreweryclient.web.client.BreweryClientTest" time="0.073">
    <error type="org.springframework.web.client.ResourceAccessException"><![CDATA[org.springframework.web.client.ResourceAccessException: I/O error on POST request for "http://localhost:9191/api/v1/beer/": Connect to localhost:9191 [localhost/127.0.0.1, localhost/0:0:0:0:0:0:0:1] failed: Connection refused (Connection refused); nested exception is org.apache.http.conn.HttpHostConnectException: Connect to localhost:9191 [localhost/127.0.0.1, localhost/0:0:0:0:0:0:0:1] failed: Connection refused (Connection refused)
	at com.cmani.msscbreweryclient.web.client.BreweryClientTest.shouldSaveNewBeer_Success(BreweryClientTest.java:31)
Caused by: org.apache.http.conn.HttpHostConnectException: Connect to localhost:9191 [localhost/127.0.0.1, localhost/0:0:0:0:0:0:0:1] failed: Connection refused (Connection refused)
	at com.cmani.msscbreweryclient.web.client.BreweryClientTest.shouldSaveNewBeer_Success(BreweryClientTest.java:31)
Caused by: java.net.ConnectException: Connection refused (Connection refused)
	at com.cmani.msscbreweryclient.web.client.BreweryClientTest.shouldSaveNewBeer_Success(BreweryClientTest.java:31)
]]></error>
  </testcase>
  <testcase name="shouldDeleteCustomer_Success" classname="com.cmani.msscbreweryclient.web.client.BreweryClientTest" time="0.012">
    <error type="org.springframework.web.client.ResourceAccessException"><![CDATA[org.springframework.web.client.ResourceAccessException: I/O error on DELETE request for "http://localhost:9191/api/v1/customer/41c9b2e4-884b-46af-ab10-81e7f7a8c705": Connect to localhost:9191 [localhost/127.0.0.1, localhost/0:0:0:0:0:0:0:1] failed: Connection refused (Connection refused); nested exception is org.apache.http.conn.HttpHostConnectException: Connect to localhost:9191 [localhost/127.0.0.1, localhost/0:0:0:0:0:0:0:1] failed: Connection refused (Connection refused)
	at com.cmani.msscbreweryclient.web.client.BreweryClientTest.shouldDeleteCustomer_Success(BreweryClientTest.java:67)
Caused by: org.apache.http.conn.HttpHostConnectException: Connect to localhost:9191 [localhost/127.0.0.1, localhost/0:0:0:0:0:0:0:1] failed: Connection refused (Connection refused)
	at com.cmani.msscbreweryclient.web.client.BreweryClientTest.shouldDeleteCustomer_Success(BreweryClientTest.java:67)
Caused by: java.net.ConnectException: Connection refused (Connection refused)
	at com.cmani.msscbreweryclient.web.client.BreweryClientTest.shouldDeleteCustomer_Success(BreweryClientTest.java:67)
]]></error>
  </testcase>
  <testcase name="shouldGetBeerById_Success" classname="com.cmani.msscbreweryclient.web.client.BreweryClientTest" time="0.287">
    <error type="org.springframework.web.client.ResourceAccessException"><![CDATA[org.springframework.web.client.ResourceAccessException: I/O error on GET request for "http://localhost:9191/api/v1/beer/1928a119-d9c8-4075-aded-8c8fbe18bf40": Connect to localhost:9191 [localhost/127.0.0.1, localhost/0:0:0:0:0:0:0:1] failed: Connection refused (Connection refused); nested exception is org.apache.http.conn.HttpHostConnectException: Connect to localhost:9191 [localhost/127.0.0.1, localhost/0:0:0:0:0:0:0:1] failed: Connection refused (Connection refused)
	at com.cmani.msscbreweryclient.web.client.BreweryClientTest.shouldGetBeerById_Success(BreweryClientTest.java:24)
Caused by: org.apache.http.conn.HttpHostConnectException: Connect to localhost:9191 [localhost/127.0.0.1, localhost/0:0:0:0:0:0:0:1] failed: Connection refused (Connection refused)
	at com.cmani.msscbreweryclient.web.client.BreweryClientTest.shouldGetBeerById_Success(BreweryClientTest.java:24)
Caused by: java.net.ConnectException: Connection refused (Connection refused)
	at com.cmani.msscbreweryclient.web.client.BreweryClientTest.shouldGetBeerById_Success(BreweryClientTest.java:24)
]]></error>
  </testcase>
  <testcase name="shouldUpdateCustomer_Success" classname="com.cmani.msscbreweryclient.web.client.BreweryClientTest" time="0.094">
    <error type="org.springframework.web.client.ResourceAccessException"><![CDATA[org.springframework.web.client.ResourceAccessException: I/O error on PUT request for "http://localhost:9191/api/v1/customer/7ae68b52-1a63-47f1-9503-71d24e35c189": Connect to localhost:9191 [localhost/127.0.0.1, localhost/0:0:0:0:0:0:0:1] failed: Connection refused (Connection refused); nested exception is org.apache.http.conn.HttpHostConnectException: Connect to localhost:9191 [localhost/127.0.0.1, localhost/0:0:0:0:0:0:0:1] failed: Connection refused (Connection refused)
	at com.cmani.msscbreweryclient.web.client.BreweryClientTest.shouldUpdateCustomer_Success(BreweryClientTest.java:62)
Caused by: org.apache.http.conn.HttpHostConnectException: Connect to localhost:9191 [localhost/127.0.0.1, localhost/0:0:0:0:0:0:0:1] failed: Connection refused (Connection refused)
	at com.cmani.msscbreweryclient.web.client.BreweryClientTest.shouldUpdateCustomer_Success(BreweryClientTest.java:62)
Caused by: java.net.ConnectException: Connection refused (Connection refused)
	at com.cmani.msscbreweryclient.web.client.BreweryClientTest.shouldUpdateCustomer_Success(BreweryClientTest.java:62)
]]></error>
  </testcase>
  <testcase name="shouldGetCustomerById_Success" classname="com.cmani.msscbreweryclient.web.client.BreweryClientTest" time="0.01">
    <error type="org.springframework.web.client.ResourceAccessException"><![CDATA[org.springframework.web.client.ResourceAccessException: I/O error on GET request for "http://localhost:9191/api/v1/customer/e7c23146-e64a-43af-8d45-b8ef5be45cd3": Connect to localhost:9191 [localhost/127.0.0.1, localhost/0:0:0:0:0:0:0:1] failed: Connection refused (Connection refused); nested exception is org.apache.http.conn.HttpHostConnectException: Connect to localhost:9191 [localhost/127.0.0.1, localhost/0:0:0:0:0:0:0:1] failed: Connection refused (Connection refused)
	at com.cmani.msscbreweryclient.web.client.BreweryClientTest.shouldGetCustomerById_Success(BreweryClientTest.java:48)
Caused by: org.apache.http.conn.HttpHostConnectException: Connect to localhost:9191 [localhost/127.0.0.1, localhost/0:0:0:0:0:0:0:1] failed: Connection refused (Connection refused)
	at com.cmani.msscbreweryclient.web.client.BreweryClientTest.shouldGetCustomerById_Success(BreweryClientTest.java:48)
Caused by: java.net.ConnectException: Connection refused (Connection refused)
	at com.cmani.msscbreweryclient.web.client.BreweryClientTest.shouldGetCustomerById_Success(BreweryClientTest.java:48)
]]></error>
  </testcase>
  <testcase name="shouldDeleteBeer_Success" classname="com.cmani.msscbreweryclient.web.client.BreweryClientTest" time="0.007">
    <error type="org.springframework.web.client.ResourceAccessException"><![CDATA[org.springframework.web.client.ResourceAccessException: I/O error on DELETE request for "http://localhost:9191/api/v1/beer/800ac3c7-7206-4e14-8e3d-457d3f958841": Connect to localhost:9191 [localhost/127.0.0.1, localhost/0:0:0:0:0:0:0:1] failed: Connection refused (Connection refused); nested exception is org.apache.http.conn.HttpHostConnectException: Connect to localhost:9191 [localhost/127.0.0.1, localhost/0:0:0:0:0:0:0:1] failed: Connection refused (Connection refused)
	at com.cmani.msscbreweryclient.web.client.BreweryClientTest.shouldDeleteBeer_Success(BreweryClientTest.java:43)
Caused by: org.apache.http.conn.HttpHostConnectException: Connect to localhost:9191 [localhost/127.0.0.1, localhost/0:0:0:0:0:0:0:1] failed: Connection refused (Connection refused)
	at com.cmani.msscbreweryclient.web.client.BreweryClientTest.shouldDeleteBeer_Success(BreweryClientTest.java:43)
Caused by: java.net.ConnectException: Connection refused (Connection refused)
	at com.cmani.msscbreweryclient.web.client.BreweryClientTest.shouldDeleteBeer_Success(BreweryClientTest.java:43)
]]></error>
  </testcase>
  <testcase name="shouldUpdateBeer_Success" classname="com.cmani.msscbreweryclient.web.client.BreweryClientTest" time="0.005">
    <error type="org.springframework.web.client.ResourceAccessException"><![CDATA[org.springframework.web.client.ResourceAccessException: I/O error on PUT request for "http://localhost:9191/api/v1/beer/7d50e076-a629-43e4-82d3-a0ad22e1c113": Connect to localhost:9191 [localhost/127.0.0.1, localhost/0:0:0:0:0:0:0:1] failed: Connection refused (Connection refused); nested exception is org.apache.http.conn.HttpHostConnectException: Connect to localhost:9191 [localhost/127.0.0.1, localhost/0:0:0:0:0:0:0:1] failed: Connection refused (Connection refused)
	at com.cmani.msscbreweryclient.web.client.BreweryClientTest.shouldUpdateBeer_Success(BreweryClientTest.java:38)
Caused by: org.apache.http.conn.HttpHostConnectException: Connect to localhost:9191 [localhost/127.0.0.1, localhost/0:0:0:0:0:0:0:1] failed: Connection refused (Connection refused)
	at com.cmani.msscbreweryclient.web.client.BreweryClientTest.shouldUpdateBeer_Success(BreweryClientTest.java:38)
Caused by: java.net.ConnectException: Connection refused (Connection refused)
	at com.cmani.msscbreweryclient.web.client.BreweryClientTest.shouldUpdateBeer_Success(BreweryClientTest.java:38)
]]></error>
  </testcase>
</testsuite>